{"C:\\Users\\cheal\\OneDrive\\Рабочий стол\\Yandex_Practicum\\stellar-burgers\\src\\services\\store.ts": {"path":"C:\\Users\\cheal\\OneDrive\\Рабочий стол\\Yandex_Practicum\\stellar-burgers\\src\\services\\store.ts","all":false,"statementMap":{"0":{"start":{"line":1,"column":0},"end":{"line":1,"column":67}},"1":{"start":{"line":2,"column":0},"end":{"line":2,"column":57}},"2":{"start":{"line":3,"column":0},"end":{"line":3,"column":0}},"3":{"start":{"line":4,"column":0},"end":{"line":4,"column":8}},"4":{"start":{"line":5,"column":0},"end":{"line":5,"column":23}},"5":{"start":{"line":6,"column":0},"end":{"line":6,"column":30}},"6":{"start":{"line":7,"column":0},"end":{"line":7,"column":29}},"7":{"start":{"line":8,"column":0},"end":{"line":8,"column":21}},"8":{"start":{"line":9,"column":0},"end":{"line":9,"column":69}},"9":{"start":{"line":10,"column":0},"end":{"line":10,"column":43}},"10":{"start":{"line":11,"column":0},"end":{"line":11,"column":51}},"11":{"start":{"line":12,"column":0},"end":{"line":12,"column":64}},"12":{"start":{"line":13,"column":0},"end":{"line":13,"column":0}},"13":{"start":{"line":14,"column":0},"end":{"line":14,"column":37}},"14":{"start":{"line":15,"column":0},"end":{"line":15,"column":52}},"15":{"start":{"line":16,"column":0},"end":{"line":16,"column":64}},"16":{"start":{"line":17,"column":0},"end":{"line":17,"column":38}},"17":{"start":{"line":18,"column":0},"end":{"line":18,"column":46}},"18":{"start":{"line":19,"column":0},"end":{"line":19,"column":63}},"19":{"start":{"line":20,"column":0},"end":{"line":20,"column":3}},"20":{"start":{"line":21,"column":0},"end":{"line":21,"column":0}},"21":{"start":{"line":22,"column":0},"end":{"line":22,"column":23}},"22":{"start":{"line":23,"column":0},"end":{"line":23,"column":0}},"23":{"start":{"line":24,"column":0},"end":{"line":24,"column":30}},"24":{"start":{"line":25,"column":0},"end":{"line":25,"column":23}},"25":{"start":{"line":26,"column":0},"end":{"line":26,"column":49}},"26":{"start":{"line":27,"column":0},"end":{"line":27,"column":3}},"27":{"start":{"line":28,"column":0},"end":{"line":28,"column":0}},"28":{"start":{"line":29,"column":0},"end":{"line":29,"column":58}},"29":{"start":{"line":30,"column":0},"end":{"line":30,"column":0}},"30":{"start":{"line":31,"column":0},"end":{"line":31,"column":48}},"31":{"start":{"line":32,"column":0},"end":{"line":32,"column":0}},"32":{"start":{"line":33,"column":0},"end":{"line":33,"column":67}},"33":{"start":{"line":34,"column":0},"end":{"line":34,"column":73}},"34":{"start":{"line":35,"column":0},"end":{"line":35,"column":0}},"35":{"start":{"line":36,"column":0},"end":{"line":36,"column":21}}},"s":{"0":1,"1":1,"2":1,"3":1,"4":1,"5":1,"6":1,"7":1,"8":1,"9":1,"10":1,"11":1,"12":1,"13":1,"14":1,"15":1,"16":1,"17":1,"18":1,"19":1,"20":1,"21":1,"22":1,"23":1,"24":1,"25":1,"26":1,"27":1,"28":1,"29":1,"30":1,"31":1,"32":1,"33":1,"34":1,"35":1},"branchMap":{},"b":{},"fnMap":{"0":{"name":"useDispatch","decl":{"start":{"line":33,"column":46},"end":{"line":33,"column":64}},"loc":{"start":{"line":33,"column":46},"end":{"line":33,"column":64}},"line":33}},"f":{"0":0}}
,"C:\\Users\\cheal\\OneDrive\\Рабочий стол\\Yandex_Practicum\\stellar-burgers\\src\\services\\slices\\BurgerConstructorSlice.ts": {"path":"C:\\Users\\cheal\\OneDrive\\Рабочий стол\\Yandex_Practicum\\stellar-burgers\\src\\services\\slices\\BurgerConstructorSlice.ts","all":false,"statementMap":{"0":{"start":{"line":1,"column":0},"end":{"line":1,"column":56}},"1":{"start":{"line":2,"column":0},"end":{"line":2,"column":8}},"2":{"start":{"line":3,"column":0},"end":{"line":3,"column":19}},"3":{"start":{"line":4,"column":0},"end":{"line":4,"column":14}},"4":{"start":{"line":5,"column":0},"end":{"line":5,"column":9}},"5":{"start":{"line":6,"column":0},"end":{"line":6,"column":15}},"6":{"start":{"line":7,"column":0},"end":{"line":7,"column":26}},"7":{"start":{"line":8,"column":0},"end":{"line":8,"column":75}},"8":{"start":{"line":9,"column":0},"end":{"line":9,"column":0}},"9":{"start":{"line":10,"column":0},"end":{"line":10,"column":32}},"10":{"start":{"line":11,"column":0},"end":{"line":11,"column":21}},"11":{"start":{"line":12,"column":0},"end":{"line":12,"column":28}},"12":{"start":{"line":13,"column":0},"end":{"line":13,"column":47}},"13":{"start":{"line":14,"column":0},"end":{"line":14,"column":4}},"14":{"start":{"line":15,"column":0},"end":{"line":15,"column":24}},"15":{"start":{"line":16,"column":0},"end":{"line":16,"column":32}},"16":{"start":{"line":17,"column":0},"end":{"line":17,"column":19}},"17":{"start":{"line":18,"column":0},"end":{"line":18,"column":35}},"18":{"start":{"line":19,"column":0},"end":{"line":19,"column":2}},"19":{"start":{"line":20,"column":0},"end":{"line":20,"column":0}},"20":{"start":{"line":21,"column":0},"end":{"line":21,"column":47}},"21":{"start":{"line":22,"column":0},"end":{"line":22,"column":21}},"22":{"start":{"line":23,"column":0},"end":{"line":23,"column":14}},"23":{"start":{"line":24,"column":0},"end":{"line":24,"column":19}},"24":{"start":{"line":25,"column":0},"end":{"line":25,"column":4}},"25":{"start":{"line":26,"column":0},"end":{"line":26,"column":22}},"26":{"start":{"line":27,"column":0},"end":{"line":27,"column":23}},"27":{"start":{"line":28,"column":0},"end":{"line":28,"column":17}},"28":{"start":{"line":29,"column":0},"end":{"line":29,"column":13}},"29":{"start":{"line":30,"column":0},"end":{"line":30,"column":2}},"30":{"start":{"line":31,"column":0},"end":{"line":31,"column":0}},"31":{"start":{"line":32,"column":0},"end":{"line":32,"column":44}},"32":{"start":{"line":33,"column":0},"end":{"line":33,"column":22}},"33":{"start":{"line":34,"column":0},"end":{"line":34,"column":29}},"34":{"start":{"line":35,"column":0},"end":{"line":35,"column":48}},"35":{"start":{"line":36,"column":0},"end":{"line":36,"column":20}},"36":{"start":{"line":37,"column":0},"end":{"line":37,"column":3}},"37":{"start":{"line":38,"column":0},"end":{"line":38,"column":2}},"38":{"start":{"line":39,"column":0},"end":{"line":39,"column":51}},"39":{"start":{"line":40,"column":0},"end":{"line":40,"column":28}},"40":{"start":{"line":41,"column":0},"end":{"line":41,"column":15}},"41":{"start":{"line":42,"column":0},"end":{"line":42,"column":13}},"42":{"start":{"line":43,"column":0},"end":{"line":43,"column":20}},"43":{"start":{"line":44,"column":0},"end":{"line":44,"column":74}},"44":{"start":{"line":45,"column":0},"end":{"line":45,"column":44}},"45":{"start":{"line":46,"column":0},"end":{"line":46,"column":54}},"46":{"start":{"line":47,"column":0},"end":{"line":47,"column":16}},"47":{"start":{"line":48,"column":0},"end":{"line":48,"column":66}},"48":{"start":{"line":49,"column":0},"end":{"line":49,"column":9}},"49":{"start":{"line":50,"column":0},"end":{"line":50,"column":8}},"50":{"start":{"line":51,"column":0},"end":{"line":51,"column":45}},"51":{"start":{"line":52,"column":0},"end":{"line":52,"column":29}},"52":{"start":{"line":53,"column":0},"end":{"line":53,"column":55}},"53":{"start":{"line":54,"column":0},"end":{"line":54,"column":7}},"54":{"start":{"line":55,"column":0},"end":{"line":55,"column":6}},"55":{"start":{"line":56,"column":0},"end":{"line":56,"column":23}},"56":{"start":{"line":57,"column":0},"end":{"line":57,"column":12}},"57":{"start":{"line":58,"column":0},"end":{"line":58,"column":51}},"58":{"start":{"line":59,"column":0},"end":{"line":59,"column":10}},"59":{"start":{"line":60,"column":0},"end":{"line":60,"column":42}},"60":{"start":{"line":61,"column":0},"end":{"line":61,"column":50}},"61":{"start":{"line":62,"column":0},"end":{"line":62,"column":49}},"62":{"start":{"line":63,"column":0},"end":{"line":63,"column":10}},"63":{"start":{"line":64,"column":0},"end":{"line":64,"column":6}},"64":{"start":{"line":65,"column":0},"end":{"line":65,"column":65}},"65":{"start":{"line":66,"column":0},"end":{"line":66,"column":35}},"66":{"start":{"line":67,"column":0},"end":{"line":67,"column":22}},"67":{"start":{"line":68,"column":0},"end":{"line":68,"column":63}},"68":{"start":{"line":69,"column":0},"end":{"line":69,"column":56}},"69":{"start":{"line":70,"column":0},"end":{"line":70,"column":29}},"70":{"start":{"line":71,"column":0},"end":{"line":71,"column":32}},"71":{"start":{"line":72,"column":0},"end":{"line":72,"column":10}},"72":{"start":{"line":73,"column":0},"end":{"line":73,"column":7}},"73":{"start":{"line":74,"column":0},"end":{"line":74,"column":6}},"74":{"start":{"line":75,"column":0},"end":{"line":75,"column":44}},"75":{"start":{"line":76,"column":0},"end":{"line":76,"column":35}},"76":{"start":{"line":77,"column":0},"end":{"line":77,"column":66}},"77":{"start":{"line":78,"column":0},"end":{"line":78,"column":63}},"78":{"start":{"line":79,"column":0},"end":{"line":79,"column":56}},"79":{"start":{"line":80,"column":0},"end":{"line":80,"column":29}},"80":{"start":{"line":81,"column":0},"end":{"line":81,"column":32}},"81":{"start":{"line":82,"column":0},"end":{"line":82,"column":10}},"82":{"start":{"line":83,"column":0},"end":{"line":83,"column":7}},"83":{"start":{"line":84,"column":0},"end":{"line":84,"column":6}},"84":{"start":{"line":85,"column":0},"end":{"line":85,"column":39}},"85":{"start":{"line":86,"column":0},"end":{"line":86,"column":4}},"86":{"start":{"line":87,"column":0},"end":{"line":87,"column":31}},"87":{"start":{"line":88,"column":0},"end":{"line":88,"column":11}},"88":{"start":{"line":89,"column":0},"end":{"line":89,"column":48}},"89":{"start":{"line":90,"column":0},"end":{"line":90,"column":34}},"90":{"start":{"line":91,"column":0},"end":{"line":91,"column":27}},"91":{"start":{"line":92,"column":0},"end":{"line":92,"column":8}},"92":{"start":{"line":93,"column":0},"end":{"line":93,"column":57}},"93":{"start":{"line":94,"column":0},"end":{"line":94,"column":35}},"94":{"start":{"line":95,"column":0},"end":{"line":95,"column":43}},"95":{"start":{"line":96,"column":0},"end":{"line":96,"column":8}},"96":{"start":{"line":97,"column":0},"end":{"line":97,"column":58}},"97":{"start":{"line":98,"column":0},"end":{"line":98,"column":35}},"98":{"start":{"line":99,"column":0},"end":{"line":99,"column":52}},"99":{"start":{"line":100,"column":0},"end":{"line":100,"column":42}},"100":{"start":{"line":101,"column":0},"end":{"line":101,"column":48}},"101":{"start":{"line":102,"column":0},"end":{"line":102,"column":27}},"102":{"start":{"line":103,"column":0},"end":{"line":103,"column":9}},"103":{"start":{"line":104,"column":0},"end":{"line":104,"column":4}},"104":{"start":{"line":105,"column":0},"end":{"line":105,"column":14}},"105":{"start":{"line":106,"column":0},"end":{"line":106,"column":59}},"106":{"start":{"line":107,"column":0},"end":{"line":107,"column":51}},"107":{"start":{"line":108,"column":0},"end":{"line":108,"column":55}},"108":{"start":{"line":109,"column":0},"end":{"line":109,"column":41}},"109":{"start":{"line":110,"column":0},"end":{"line":110,"column":36}},"110":{"start":{"line":111,"column":0},"end":{"line":111,"column":3}},"111":{"start":{"line":112,"column":0},"end":{"line":112,"column":3}},"112":{"start":{"line":113,"column":0},"end":{"line":113,"column":0}},"113":{"start":{"line":114,"column":0},"end":{"line":114,"column":38}},"114":{"start":{"line":115,"column":0},"end":{"line":115,"column":14}},"115":{"start":{"line":116,"column":0},"end":{"line":116,"column":22}},"116":{"start":{"line":117,"column":0},"end":{"line":117,"column":11}},"117":{"start":{"line":118,"column":0},"end":{"line":118,"column":13}},"118":{"start":{"line":119,"column":0},"end":{"line":119,"column":20}},"119":{"start":{"line":120,"column":0},"end":{"line":120,"column":17}},"120":{"start":{"line":121,"column":0},"end":{"line":121,"column":37}},"121":{"start":{"line":122,"column":0},"end":{"line":122,"column":0}},"122":{"start":{"line":123,"column":0},"end":{"line":123,"column":14}},"123":{"start":{"line":124,"column":0},"end":{"line":124,"column":16}},"124":{"start":{"line":125,"column":0},"end":{"line":125,"column":19}},"125":{"start":{"line":126,"column":0},"end":{"line":126,"column":21}},"126":{"start":{"line":127,"column":0},"end":{"line":127,"column":19}},"127":{"start":{"line":128,"column":0},"end":{"line":128,"column":12}},"128":{"start":{"line":129,"column":0},"end":{"line":129,"column":35}}},"s":{"0":1,"1":1,"2":1,"3":1,"4":1,"5":1,"6":1,"7":1,"8":1,"9":1,"10":1,"11":1,"12":1,"13":1,"14":1,"15":1,"16":1,"17":1,"18":1,"19":1,"20":1,"21":1,"22":1,"23":1,"24":1,"25":1,"26":1,"27":1,"28":1,"29":1,"30":1,"31":1,"32":1,"33":1,"34":0,"35":0,"36":0,"37":1,"38":1,"39":1,"40":1,"41":1,"42":1,"43":1,"44":2,"45":1,"46":1,"47":1,"48":1,"49":1,"50":1,"51":2,"52":2,"53":2,"54":1,"55":1,"56":1,"57":1,"58":1,"59":1,"60":1,"61":1,"62":1,"63":1,"64":1,"65":1,"66":1,"67":1,"68":1,"69":1,"70":1,"71":1,"72":1,"73":1,"74":1,"75":1,"76":1,"77":1,"78":1,"79":1,"80":1,"81":1,"82":1,"83":1,"84":1,"85":1,"86":1,"87":2,"88":2,"89":0,"90":0,"91":2,"92":2,"93":0,"94":0,"95":2,"96":2,"97":0,"98":0,"99":0,"100":0,"101":0,"102":2,"103":1,"104":1,"105":1,"106":1,"107":1,"108":1,"109":1,"110":1,"111":1,"112":1,"113":1,"114":1,"115":1,"116":1,"117":1,"118":1,"119":1,"120":1,"121":1,"122":1,"123":1,"124":1,"125":1,"126":1,"127":1,"128":1},"branchMap":{"0":{"type":"branch","line":44,"loc":{"start":{"line":44,"column":15},"end":{"line":50,"column":7}},"locations":[{"start":{"line":44,"column":15},"end":{"line":50,"column":7}}]},"1":{"type":"branch","line":45,"loc":{"start":{"line":45,"column":43},"end":{"line":49,"column":9}},"locations":[{"start":{"line":45,"column":43},"end":{"line":49,"column":9}}]},"2":{"type":"branch","line":51,"loc":{"start":{"line":51,"column":15},"end":{"line":54,"column":7}},"locations":[{"start":{"line":51,"column":15},"end":{"line":54,"column":7}}]},"3":{"type":"branch","line":56,"loc":{"start":{"line":56,"column":22},"end":{"line":64,"column":5}},"locations":[{"start":{"line":56,"column":22},"end":{"line":64,"column":5}}]},"4":{"type":"branch","line":62,"loc":{"start":{"line":62,"column":10},"end":{"line":62,"column":24}},"locations":[{"start":{"line":62,"column":10},"end":{"line":62,"column":24}}]},"5":{"type":"branch","line":65,"loc":{"start":{"line":65,"column":22},"end":{"line":74,"column":5}},"locations":[{"start":{"line":65,"column":22},"end":{"line":74,"column":5}}]},"6":{"type":"branch","line":75,"loc":{"start":{"line":75,"column":24},"end":{"line":84,"column":5}},"locations":[{"start":{"line":75,"column":24},"end":{"line":84,"column":5}}]},"7":{"type":"branch","line":85,"loc":{"start":{"line":85,"column":16},"end":{"line":85,"column":39}},"locations":[{"start":{"line":85,"column":16},"end":{"line":85,"column":39}}]},"8":{"type":"branch","line":87,"loc":{"start":{"line":87,"column":17},"end":{"line":104,"column":3}},"locations":[{"start":{"line":87,"column":17},"end":{"line":104,"column":3}}]}},"b":{"0":[2],"1":[1],"2":[2],"3":[1],"4":[2],"5":[1],"6":[1],"7":[1],"8":[2]},"fnMap":{"0":{"name":"reducer","decl":{"start":{"line":44,"column":15},"end":{"line":50,"column":7}},"loc":{"start":{"line":44,"column":15},"end":{"line":50,"column":7}},"line":44},"1":{"name":"prepare","decl":{"start":{"line":51,"column":15},"end":{"line":54,"column":7}},"loc":{"start":{"line":51,"column":15},"end":{"line":54,"column":7}},"line":51},"2":{"name":"removeIngredient","decl":{"start":{"line":56,"column":22},"end":{"line":64,"column":5}},"loc":{"start":{"line":56,"column":22},"end":{"line":64,"column":5}},"line":56},"3":{"name":"moveUpIngredient","decl":{"start":{"line":65,"column":22},"end":{"line":74,"column":5}},"loc":{"start":{"line":65,"column":22},"end":{"line":74,"column":5}},"line":65},"4":{"name":"moveDownIngredient","decl":{"start":{"line":75,"column":24},"end":{"line":84,"column":5}},"loc":{"start":{"line":75,"column":24},"end":{"line":84,"column":5}},"line":75},"5":{"name":"clearOrder","decl":{"start":{"line":85,"column":16},"end":{"line":85,"column":39}},"loc":{"start":{"line":85,"column":16},"end":{"line":85,"column":39}},"line":85},"6":{"name":"extraReducers","decl":{"start":{"line":87,"column":17},"end":{"line":104,"column":3}},"loc":{"start":{"line":87,"column":17},"end":{"line":104,"column":3}},"line":87},"7":{"name":"getConstructorItems","decl":{"start":{"line":106,"column":25},"end":{"line":106,"column":41}},"loc":{"start":{"line":106,"column":25},"end":{"line":106,"column":41}},"line":106},"8":{"name":"getOrderRequest","decl":{"start":{"line":107,"column":21},"end":{"line":107,"column":37}},"loc":{"start":{"line":107,"column":21},"end":{"line":107,"column":37}},"line":107},"9":{"name":"getOrderModalData","decl":{"start":{"line":108,"column":23},"end":{"line":108,"column":39}},"loc":{"start":{"line":108,"column":23},"end":{"line":108,"column":39}},"line":108},"10":{"name":"getLoading","decl":{"start":{"line":109,"column":16},"end":{"line":109,"column":32}},"loc":{"start":{"line":109,"column":16},"end":{"line":109,"column":32}},"line":109},"11":{"name":"getError","decl":{"start":{"line":110,"column":14},"end":{"line":110,"column":30}},"loc":{"start":{"line":110,"column":14},"end":{"line":110,"column":30}},"line":110}},"f":{"0":2,"1":2,"2":1,"3":1,"4":1,"5":1,"6":2,"7":0,"8":0,"9":0,"10":0,"11":0}}
,"C:\\Users\\cheal\\OneDrive\\Рабочий стол\\Yandex_Practicum\\stellar-burgers\\src\\services\\slices\\FeedDataSlice.ts": {"path":"C:\\Users\\cheal\\OneDrive\\Рабочий стол\\Yandex_Practicum\\stellar-burgers\\src\\services\\slices\\FeedDataSlice.ts","all":false,"statementMap":{"0":{"start":{"line":1,"column":0},"end":{"line":1,"column":74}},"1":{"start":{"line":2,"column":0},"end":{"line":2,"column":65}},"2":{"start":{"line":3,"column":0},"end":{"line":3,"column":38}},"3":{"start":{"line":4,"column":0},"end":{"line":4,"column":0}},"4":{"start":{"line":5,"column":0},"end":{"line":5,"column":26}},"5":{"start":{"line":6,"column":0},"end":{"line":6,"column":19}},"6":{"start":{"line":7,"column":0},"end":{"line":7,"column":16}},"7":{"start":{"line":8,"column":0},"end":{"line":8,"column":21}},"8":{"start":{"line":9,"column":0},"end":{"line":9,"column":23}},"9":{"start":{"line":10,"column":0},"end":{"line":10,"column":19}},"10":{"start":{"line":11,"column":0},"end":{"line":11,"column":28}},"11":{"start":{"line":12,"column":0},"end":{"line":12,"column":2}},"12":{"start":{"line":13,"column":0},"end":{"line":13,"column":0}},"13":{"start":{"line":14,"column":0},"end":{"line":14,"column":34}},"14":{"start":{"line":15,"column":0},"end":{"line":15,"column":13}},"15":{"start":{"line":16,"column":0},"end":{"line":16,"column":11}},"16":{"start":{"line":17,"column":0},"end":{"line":17,"column":16}},"17":{"start":{"line":18,"column":0},"end":{"line":18,"column":14}},"18":{"start":{"line":19,"column":0},"end":{"line":19,"column":17}},"19":{"start":{"line":20,"column":0},"end":{"line":20,"column":18}},"20":{"start":{"line":21,"column":0},"end":{"line":21,"column":2}},"21":{"start":{"line":22,"column":0},"end":{"line":22,"column":0}},"22":{"start":{"line":23,"column":0},"end":{"line":23,"column":70}},"23":{"start":{"line":24,"column":0},"end":{"line":24,"column":0}},"24":{"start":{"line":25,"column":0},"end":{"line":25,"column":49}},"25":{"start":{"line":26,"column":0},"end":{"line":26,"column":18}},"26":{"start":{"line":27,"column":0},"end":{"line":27,"column":50}},"27":{"start":{"line":28,"column":0},"end":{"line":28,"column":9}},"28":{"start":{"line":29,"column":0},"end":{"line":29,"column":57}},"29":{"start":{"line":30,"column":0},"end":{"line":30,"column":22}},"30":{"start":{"line":31,"column":0},"end":{"line":31,"column":21}},"31":{"start":{"line":32,"column":0},"end":{"line":32,"column":48}},"32":{"start":{"line":33,"column":0},"end":{"line":33,"column":5}},"33":{"start":{"line":34,"column":0},"end":{"line":34,"column":3}},"34":{"start":{"line":35,"column":0},"end":{"line":35,"column":2}},"35":{"start":{"line":36,"column":0},"end":{"line":36,"column":0}},"36":{"start":{"line":37,"column":0},"end":{"line":37,"column":42}},"37":{"start":{"line":38,"column":0},"end":{"line":38,"column":19}},"38":{"start":{"line":39,"column":0},"end":{"line":39,"column":15}},"39":{"start":{"line":40,"column":0},"end":{"line":40,"column":15}},"40":{"start":{"line":41,"column":0},"end":{"line":41,"column":31}},"41":{"start":{"line":42,"column":0},"end":{"line":42,"column":11}},"42":{"start":{"line":43,"column":0},"end":{"line":43,"column":48}},"43":{"start":{"line":44,"column":0},"end":{"line":44,"column":29}},"44":{"start":{"line":45,"column":0},"end":{"line":45,"column":27}},"45":{"start":{"line":46,"column":0},"end":{"line":46,"column":8}},"46":{"start":{"line":47,"column":0},"end":{"line":47,"column":58}},"47":{"start":{"line":48,"column":0},"end":{"line":48,"column":45}},"48":{"start":{"line":49,"column":0},"end":{"line":49,"column":43}},"49":{"start":{"line":50,"column":0},"end":{"line":50,"column":53}},"50":{"start":{"line":51,"column":0},"end":{"line":51,"column":30}},"51":{"start":{"line":52,"column":0},"end":{"line":52,"column":8}},"52":{"start":{"line":53,"column":0},"end":{"line":53,"column":57}},"53":{"start":{"line":54,"column":0},"end":{"line":54,"column":30}},"54":{"start":{"line":55,"column":0},"end":{"line":55,"column":59}},"55":{"start":{"line":56,"column":0},"end":{"line":56,"column":8}},"56":{"start":{"line":57,"column":0},"end":{"line":57,"column":53}},"57":{"start":{"line":58,"column":0},"end":{"line":58,"column":29}},"58":{"start":{"line":59,"column":0},"end":{"line":59,"column":27}},"59":{"start":{"line":60,"column":0},"end":{"line":60,"column":8}},"60":{"start":{"line":61,"column":0},"end":{"line":61,"column":63}},"61":{"start":{"line":62,"column":0},"end":{"line":62,"column":30}},"62":{"start":{"line":63,"column":0},"end":{"line":63,"column":52}},"63":{"start":{"line":64,"column":0},"end":{"line":64,"column":8}},"64":{"start":{"line":65,"column":0},"end":{"line":65,"column":62}},"65":{"start":{"line":66,"column":0},"end":{"line":66,"column":30}},"66":{"start":{"line":67,"column":0},"end":{"line":67,"column":59}},"67":{"start":{"line":68,"column":0},"end":{"line":68,"column":9}},"68":{"start":{"line":69,"column":0},"end":{"line":69,"column":4}},"69":{"start":{"line":70,"column":0},"end":{"line":70,"column":14}},"70":{"start":{"line":71,"column":0},"end":{"line":71,"column":43}},"71":{"start":{"line":72,"column":0},"end":{"line":72,"column":49}},"72":{"start":{"line":73,"column":0},"end":{"line":73,"column":53}},"73":{"start":{"line":74,"column":0},"end":{"line":74,"column":41}},"74":{"start":{"line":75,"column":0},"end":{"line":75,"column":37}},"75":{"start":{"line":76,"column":0},"end":{"line":76,"column":49}},"76":{"start":{"line":77,"column":0},"end":{"line":77,"column":3}},"77":{"start":{"line":78,"column":0},"end":{"line":78,"column":3}},"78":{"start":{"line":79,"column":0},"end":{"line":79,"column":0}},"79":{"start":{"line":80,"column":0},"end":{"line":80,"column":29}},"80":{"start":{"line":81,"column":0},"end":{"line":81,"column":14}},"81":{"start":{"line":82,"column":0},"end":{"line":82,"column":16}},"82":{"start":{"line":83,"column":0},"end":{"line":83,"column":23}},"83":{"start":{"line":84,"column":0},"end":{"line":84,"column":22}},"84":{"start":{"line":85,"column":0},"end":{"line":85,"column":13}},"85":{"start":{"line":86,"column":0},"end":{"line":86,"column":11}},"86":{"start":{"line":87,"column":0},"end":{"line":87,"column":18}},"87":{"start":{"line":88,"column":0},"end":{"line":88,"column":28}}},"s":{"0":1,"1":1,"2":1,"3":1,"4":1,"5":1,"6":1,"7":1,"8":1,"9":1,"10":1,"11":1,"12":1,"13":1,"14":1,"15":1,"16":1,"17":1,"18":1,"19":1,"20":1,"21":1,"22":1,"23":1,"24":1,"25":1,"26":1,"27":0,"28":0,"29":0,"30":0,"31":0,"32":0,"33":0,"34":1,"35":1,"36":1,"37":1,"38":1,"39":1,"40":1,"41":2,"42":2,"43":1,"44":1,"45":2,"46":2,"47":1,"48":1,"49":1,"50":1,"51":2,"52":2,"53":1,"54":1,"55":2,"56":2,"57":1,"58":1,"59":2,"60":2,"61":1,"62":1,"63":2,"64":2,"65":1,"66":1,"67":2,"68":1,"69":1,"70":1,"71":1,"72":1,"73":1,"74":1,"75":1,"76":1,"77":1,"78":1,"79":1,"80":1,"81":1,"82":1,"83":1,"84":1,"85":1,"86":1,"87":1},"branchMap":{"0":{"type":"branch","line":41,"loc":{"start":{"line":41,"column":17},"end":{"line":69,"column":3}},"locations":[{"start":{"line":41,"column":17},"end":{"line":69,"column":3}}]},"1":{"type":"branch","line":43,"loc":{"start":{"line":43,"column":36},"end":{"line":46,"column":7}},"locations":[{"start":{"line":43,"column":36},"end":{"line":46,"column":7}}]},"2":{"type":"branch","line":47,"loc":{"start":{"line":47,"column":38},"end":{"line":52,"column":7}},"locations":[{"start":{"line":47,"column":38},"end":{"line":52,"column":7}}]},"3":{"type":"branch","line":53,"loc":{"start":{"line":53,"column":37},"end":{"line":56,"column":7}},"locations":[{"start":{"line":53,"column":37},"end":{"line":56,"column":7}}]},"4":{"type":"branch","line":55,"loc":{"start":{"line":55,"column":42},"end":{"line":55,"column":58}},"locations":[{"start":{"line":55,"column":42},"end":{"line":55,"column":58}}]},"5":{"type":"branch","line":57,"loc":{"start":{"line":57,"column":41},"end":{"line":60,"column":7}},"locations":[{"start":{"line":57,"column":41},"end":{"line":60,"column":7}}]},"6":{"type":"branch","line":61,"loc":{"start":{"line":61,"column":43},"end":{"line":64,"column":7}},"locations":[{"start":{"line":61,"column":43},"end":{"line":64,"column":7}}]},"7":{"type":"branch","line":65,"loc":{"start":{"line":65,"column":42},"end":{"line":68,"column":7}},"locations":[{"start":{"line":65,"column":42},"end":{"line":68,"column":7}}]},"8":{"type":"branch","line":67,"loc":{"start":{"line":67,"column":42},"end":{"line":67,"column":58}},"locations":[{"start":{"line":67,"column":42},"end":{"line":67,"column":58}}]}},"b":{"0":[2],"1":[1],"2":[1],"3":[1],"4":[0],"5":[1],"6":[1],"7":[1],"8":[0]},"fnMap":{"0":{"name":"extraReducers","decl":{"start":{"line":41,"column":17},"end":{"line":69,"column":3}},"loc":{"start":{"line":41,"column":17},"end":{"line":69,"column":3}},"line":41},"1":{"name":"getFeedOrders","decl":{"start":{"line":71,"column":19},"end":{"line":71,"column":35}},"loc":{"start":{"line":71,"column":19},"end":{"line":71,"column":35}},"line":71},"2":{"name":"getTotalAmountOrders","decl":{"start":{"line":72,"column":26},"end":{"line":72,"column":42}},"loc":{"start":{"line":72,"column":26},"end":{"line":72,"column":42}},"line":72},"3":{"name":"getTotalAmountToday","decl":{"start":{"line":73,"column":25},"end":{"line":73,"column":41}},"loc":{"start":{"line":73,"column":25},"end":{"line":73,"column":41}},"line":73},"4":{"name":"getLoading","decl":{"start":{"line":74,"column":16},"end":{"line":74,"column":32}},"loc":{"start":{"line":74,"column":16},"end":{"line":74,"column":32}},"line":74},"5":{"name":"getError","decl":{"start":{"line":75,"column":14},"end":{"line":75,"column":30}},"loc":{"start":{"line":75,"column":14},"end":{"line":75,"column":30}},"line":75},"6":{"name":"selectModalOrder","decl":{"start":{"line":76,"column":22},"end":{"line":76,"column":38}},"loc":{"start":{"line":76,"column":22},"end":{"line":76,"column":38}},"line":76}},"f":{"0":2,"1":0,"2":0,"3":0,"4":0,"5":0,"6":0}}
,"C:\\Users\\cheal\\OneDrive\\Рабочий стол\\Yandex_Practicum\\stellar-burgers\\src\\services\\slices\\IngredientsSlice.ts": {"path":"C:\\Users\\cheal\\OneDrive\\Рабочий стол\\Yandex_Practicum\\stellar-burgers\\src\\services\\slices\\IngredientsSlice.ts","all":false,"statementMap":{"0":{"start":{"line":1,"column":0},"end":{"line":1,"column":65}},"1":{"start":{"line":2,"column":0},"end":{"line":2,"column":43}},"2":{"start":{"line":3,"column":0},"end":{"line":3,"column":59}},"3":{"start":{"line":4,"column":0},"end":{"line":4,"column":0}},"4":{"start":{"line":5,"column":0},"end":{"line":5,"column":33}},"5":{"start":{"line":6,"column":0},"end":{"line":6,"column":34}},"6":{"start":{"line":7,"column":0},"end":{"line":7,"column":19}},"7":{"start":{"line":8,"column":0},"end":{"line":8,"column":35}},"8":{"start":{"line":9,"column":0},"end":{"line":9,"column":2}},"9":{"start":{"line":10,"column":0},"end":{"line":10,"column":0}},"10":{"start":{"line":11,"column":0},"end":{"line":11,"column":41}},"11":{"start":{"line":12,"column":0},"end":{"line":12,"column":18}},"12":{"start":{"line":13,"column":0},"end":{"line":13,"column":17}},"13":{"start":{"line":14,"column":0},"end":{"line":14,"column":13}},"14":{"start":{"line":15,"column":0},"end":{"line":15,"column":2}},"15":{"start":{"line":16,"column":0},"end":{"line":16,"column":0}},"16":{"start":{"line":17,"column":0},"end":{"line":17,"column":47}},"17":{"start":{"line":18,"column":0},"end":{"line":18,"column":31}},"18":{"start":{"line":19,"column":0},"end":{"line":19,"column":15}},"19":{"start":{"line":20,"column":0},"end":{"line":20,"column":47}},"20":{"start":{"line":21,"column":0},"end":{"line":21,"column":20}},"21":{"start":{"line":22,"column":0},"end":{"line":22,"column":3}},"22":{"start":{"line":23,"column":0},"end":{"line":23,"column":2}},"23":{"start":{"line":24,"column":0},"end":{"line":24,"column":0}},"24":{"start":{"line":25,"column":0},"end":{"line":25,"column":38}},"25":{"start":{"line":26,"column":0},"end":{"line":26,"column":22}},"26":{"start":{"line":27,"column":0},"end":{"line":27,"column":15}},"27":{"start":{"line":28,"column":0},"end":{"line":28,"column":15}},"28":{"start":{"line":29,"column":0},"end":{"line":29,"column":14}},"29":{"start":{"line":30,"column":0},"end":{"line":30,"column":57}},"30":{"start":{"line":31,"column":0},"end":{"line":31,"column":46}},"31":{"start":{"line":32,"column":0},"end":{"line":32,"column":4}},"32":{"start":{"line":33,"column":0},"end":{"line":33,"column":31}},"33":{"start":{"line":34,"column":0},"end":{"line":34,"column":11}},"34":{"start":{"line":35,"column":0},"end":{"line":35,"column":51}},"35":{"start":{"line":36,"column":0},"end":{"line":36,"column":29}},"36":{"start":{"line":37,"column":0},"end":{"line":37,"column":27}},"37":{"start":{"line":38,"column":0},"end":{"line":38,"column":8}},"38":{"start":{"line":39,"column":0},"end":{"line":39,"column":60}},"39":{"start":{"line":40,"column":0},"end":{"line":40,"column":30}},"40":{"start":{"line":41,"column":0},"end":{"line":41,"column":43}},"41":{"start":{"line":42,"column":0},"end":{"line":42,"column":8}},"42":{"start":{"line":43,"column":0},"end":{"line":43,"column":61}},"43":{"start":{"line":44,"column":0},"end":{"line":44,"column":30}},"44":{"start":{"line":45,"column":0},"end":{"line":45,"column":43}},"45":{"start":{"line":46,"column":0},"end":{"line":46,"column":9}},"46":{"start":{"line":47,"column":0},"end":{"line":47,"column":3}},"47":{"start":{"line":48,"column":0},"end":{"line":48,"column":3}},"48":{"start":{"line":49,"column":0},"end":{"line":49,"column":0}},"49":{"start":{"line":50,"column":0},"end":{"line":50,"column":32}},"50":{"start":{"line":51,"column":0},"end":{"line":51,"column":0}},"51":{"start":{"line":52,"column":0},"end":{"line":52,"column":59}},"52":{"start":{"line":53,"column":0},"end":{"line":53,"column":29}}},"s":{"0":1,"1":1,"2":1,"3":1,"4":1,"5":1,"6":1,"7":1,"8":1,"9":1,"10":1,"11":1,"12":1,"13":1,"14":1,"15":1,"16":1,"17":1,"18":1,"19":0,"20":0,"21":0,"22":1,"23":1,"24":1,"25":1,"26":1,"27":1,"28":1,"29":1,"30":1,"31":1,"32":1,"33":2,"34":2,"35":1,"36":1,"37":2,"38":2,"39":1,"40":1,"41":2,"42":2,"43":1,"44":1,"45":2,"46":2,"47":1,"48":1,"49":1,"50":1,"51":1,"52":1},"branchMap":{"0":{"type":"branch","line":33,"loc":{"start":{"line":33,"column":17},"end":{"line":47,"column":3}},"locations":[{"start":{"line":33,"column":17},"end":{"line":47,"column":3}}]},"1":{"type":"branch","line":35,"loc":{"start":{"line":35,"column":39},"end":{"line":38,"column":7}},"locations":[{"start":{"line":35,"column":39},"end":{"line":38,"column":7}}]},"2":{"type":"branch","line":39,"loc":{"start":{"line":39,"column":40},"end":{"line":42,"column":7}},"locations":[{"start":{"line":39,"column":40},"end":{"line":42,"column":7}}]},"3":{"type":"branch","line":43,"loc":{"start":{"line":43,"column":41},"end":{"line":46,"column":7}},"locations":[{"start":{"line":43,"column":41},"end":{"line":46,"column":7}}]}},"b":{"0":[2],"1":[1],"2":[1],"3":[1]},"fnMap":{"0":{"name":"getIngredientsSelector","decl":{"start":{"line":30,"column":28},"end":{"line":30,"column":44}},"loc":{"start":{"line":30,"column":28},"end":{"line":30,"column":44}},"line":30},"1":{"name":"getLoadingStatus","decl":{"start":{"line":31,"column":22},"end":{"line":31,"column":38}},"loc":{"start":{"line":31,"column":22},"end":{"line":31,"column":38}},"line":31},"2":{"name":"extraReducers","decl":{"start":{"line":33,"column":17},"end":{"line":47,"column":3}},"loc":{"start":{"line":33,"column":17},"end":{"line":47,"column":3}},"line":33}},"f":{"0":0,"1":0,"2":2}}
,"C:\\Users\\cheal\\OneDrive\\Рабочий стол\\Yandex_Practicum\\stellar-burgers\\src\\services\\slices\\UserOrdersHistory.ts": {"path":"C:\\Users\\cheal\\OneDrive\\Рабочий стол\\Yandex_Practicum\\stellar-burgers\\src\\services\\slices\\UserOrdersHistory.ts","all":false,"statementMap":{"0":{"start":{"line":1,"column":0},"end":{"line":1,"column":54}},"1":{"start":{"line":2,"column":0},"end":{"line":2,"column":65}},"2":{"start":{"line":3,"column":0},"end":{"line":3,"column":38}},"3":{"start":{"line":4,"column":0},"end":{"line":4,"column":0}},"4":{"start":{"line":5,"column":0},"end":{"line":5,"column":35}},"5":{"start":{"line":6,"column":0},"end":{"line":6,"column":19}},"6":{"start":{"line":7,"column":0},"end":{"line":7,"column":19}},"7":{"start":{"line":8,"column":0},"end":{"line":8,"column":35}},"8":{"start":{"line":9,"column":0},"end":{"line":9,"column":2}},"9":{"start":{"line":10,"column":0},"end":{"line":10,"column":0}},"10":{"start":{"line":11,"column":0},"end":{"line":11,"column":43}},"11":{"start":{"line":12,"column":0},"end":{"line":12,"column":13}},"12":{"start":{"line":13,"column":0},"end":{"line":13,"column":17}},"13":{"start":{"line":14,"column":0},"end":{"line":14,"column":13}},"14":{"start":{"line":15,"column":0},"end":{"line":15,"column":2}},"15":{"start":{"line":16,"column":0},"end":{"line":16,"column":0}},"16":{"start":{"line":17,"column":0},"end":{"line":17,"column":46}},"17":{"start":{"line":18,"column":0},"end":{"line":18,"column":22}},"18":{"start":{"line":19,"column":0},"end":{"line":19,"column":14}},"19":{"start":{"line":20,"column":0},"end":{"line":20,"column":2}},"20":{"start":{"line":21,"column":0},"end":{"line":21,"column":0}},"21":{"start":{"line":22,"column":0},"end":{"line":22,"column":51}},"22":{"start":{"line":23,"column":0},"end":{"line":23,"column":24}},"23":{"start":{"line":24,"column":0},"end":{"line":24,"column":15}},"24":{"start":{"line":25,"column":0},"end":{"line":25,"column":15}},"25":{"start":{"line":26,"column":0},"end":{"line":26,"column":31}},"26":{"start":{"line":27,"column":0},"end":{"line":27,"column":11}},"27":{"start":{"line":28,"column":0},"end":{"line":28,"column":50}},"28":{"start":{"line":29,"column":0},"end":{"line":29,"column":29}},"29":{"start":{"line":30,"column":0},"end":{"line":30,"column":27}},"30":{"start":{"line":31,"column":0},"end":{"line":31,"column":8}},"31":{"start":{"line":32,"column":0},"end":{"line":32,"column":60}},"32":{"start":{"line":33,"column":0},"end":{"line":33,"column":38}},"33":{"start":{"line":34,"column":0},"end":{"line":34,"column":30}},"34":{"start":{"line":35,"column":0},"end":{"line":35,"column":27}},"35":{"start":{"line":36,"column":0},"end":{"line":36,"column":8}},"36":{"start":{"line":37,"column":0},"end":{"line":37,"column":59}},"37":{"start":{"line":38,"column":0},"end":{"line":38,"column":69}},"38":{"start":{"line":39,"column":0},"end":{"line":39,"column":30}},"39":{"start":{"line":40,"column":0},"end":{"line":40,"column":9}},"40":{"start":{"line":41,"column":0},"end":{"line":41,"column":4}},"41":{"start":{"line":42,"column":0},"end":{"line":42,"column":14}},"42":{"start":{"line":43,"column":0},"end":{"line":43,"column":50}},"43":{"start":{"line":44,"column":0},"end":{"line":44,"column":54}},"44":{"start":{"line":45,"column":0},"end":{"line":45,"column":50}},"45":{"start":{"line":46,"column":0},"end":{"line":46,"column":3}},"46":{"start":{"line":47,"column":0},"end":{"line":47,"column":3}},"47":{"start":{"line":48,"column":0},"end":{"line":48,"column":0}},"48":{"start":{"line":49,"column":0},"end":{"line":49,"column":38}},"49":{"start":{"line":50,"column":0},"end":{"line":50,"column":0}},"50":{"start":{"line":51,"column":0},"end":{"line":51,"column":14}},"51":{"start":{"line":52,"column":0},"end":{"line":52,"column":23}},"52":{"start":{"line":53,"column":0},"end":{"line":53,"column":28}},"53":{"start":{"line":54,"column":0},"end":{"line":54,"column":22}},"54":{"start":{"line":55,"column":0},"end":{"line":55,"column":37}}},"s":{"0":1,"1":1,"2":1,"3":1,"4":1,"5":1,"6":1,"7":1,"8":1,"9":1,"10":1,"11":1,"12":1,"13":1,"14":1,"15":1,"16":1,"17":1,"18":1,"19":1,"20":1,"21":1,"22":1,"23":1,"24":1,"25":1,"26":2,"27":2,"28":1,"29":1,"30":2,"31":2,"32":1,"33":1,"34":1,"35":2,"36":2,"37":1,"38":1,"39":2,"40":1,"41":1,"42":1,"43":1,"44":1,"45":1,"46":1,"47":1,"48":1,"49":1,"50":1,"51":1,"52":1,"53":1,"54":1},"branchMap":{"0":{"type":"branch","line":26,"loc":{"start":{"line":26,"column":17},"end":{"line":41,"column":3}},"locations":[{"start":{"line":26,"column":17},"end":{"line":41,"column":3}}]},"1":{"type":"branch","line":28,"loc":{"start":{"line":28,"column":38},"end":{"line":31,"column":7}},"locations":[{"start":{"line":28,"column":38},"end":{"line":31,"column":7}}]},"2":{"type":"branch","line":32,"loc":{"start":{"line":32,"column":40},"end":{"line":36,"column":7}},"locations":[{"start":{"line":32,"column":40},"end":{"line":36,"column":7}}]},"3":{"type":"branch","line":37,"loc":{"start":{"line":37,"column":39},"end":{"line":40,"column":7}},"locations":[{"start":{"line":37,"column":39},"end":{"line":40,"column":7}}]},"4":{"type":"branch","line":38,"loc":{"start":{"line":38,"column":42},"end":{"line":38,"column":68}},"locations":[{"start":{"line":38,"column":42},"end":{"line":38,"column":68}}]}},"b":{"0":[2],"1":[1],"2":[1],"3":[1],"4":[0]},"fnMap":{"0":{"name":"extraReducers","decl":{"start":{"line":26,"column":17},"end":{"line":41,"column":3}},"loc":{"start":{"line":26,"column":17},"end":{"line":41,"column":3}},"line":26},"1":{"name":"getUserOrdersHistory","decl":{"start":{"line":43,"column":26},"end":{"line":43,"column":42}},"loc":{"start":{"line":43,"column":26},"end":{"line":43,"column":42}},"line":43},"2":{"name":"getUserOrdersHistoryError","decl":{"start":{"line":44,"column":31},"end":{"line":44,"column":47}},"loc":{"start":{"line":44,"column":31},"end":{"line":44,"column":47}},"line":44},"3":{"name":"getUserOrdersLoading","decl":{"start":{"line":45,"column":26},"end":{"line":45,"column":42}},"loc":{"start":{"line":45,"column":26},"end":{"line":45,"column":42}},"line":45}},"f":{"0":2,"1":0,"2":0,"3":0}}
,"C:\\Users\\cheal\\OneDrive\\Рабочий стол\\Yandex_Practicum\\stellar-burgers\\src\\services\\slices\\UserSlice.ts": {"path":"C:\\Users\\cheal\\OneDrive\\Рабочий стол\\Yandex_Practicum\\stellar-burgers\\src\\services\\slices\\UserSlice.ts","all":false,"statementMap":{"0":{"start":{"line":1,"column":0},"end":{"line":1,"column":8}},"1":{"start":{"line":2,"column":0},"end":{"line":2,"column":13}},"2":{"start":{"line":3,"column":0},"end":{"line":3,"column":15}},"3":{"start":{"line":4,"column":0},"end":{"line":4,"column":12}},"4":{"start":{"line":5,"column":0},"end":{"line":5,"column":18}},"5":{"start":{"line":6,"column":0},"end":{"line":6,"column":16}},"6":{"start":{"line":7,"column":0},"end":{"line":7,"column":15}},"7":{"start":{"line":8,"column":0},"end":{"line":8,"column":32}},"8":{"start":{"line":9,"column":0},"end":{"line":9,"column":65}},"9":{"start":{"line":10,"column":0},"end":{"line":10,"column":37}},"10":{"start":{"line":11,"column":0},"end":{"line":11,"column":72}},"11":{"start":{"line":12,"column":0},"end":{"line":12,"column":0}},"12":{"start":{"line":13,"column":0},"end":{"line":13,"column":26}},"13":{"start":{"line":14,"column":0},"end":{"line":14,"column":21}},"14":{"start":{"line":15,"column":0},"end":{"line":15,"column":27}},"15":{"start":{"line":16,"column":0},"end":{"line":16,"column":21}},"16":{"start":{"line":17,"column":0},"end":{"line":17,"column":32}},"17":{"start":{"line":18,"column":0},"end":{"line":18,"column":28}},"18":{"start":{"line":19,"column":0},"end":{"line":19,"column":2}},"19":{"start":{"line":20,"column":0},"end":{"line":20,"column":0}},"20":{"start":{"line":21,"column":0},"end":{"line":21,"column":34}},"21":{"start":{"line":22,"column":0},"end":{"line":22,"column":13}},"22":{"start":{"line":23,"column":0},"end":{"line":23,"column":25}},"23":{"start":{"line":24,"column":0},"end":{"line":24,"column":19}},"24":{"start":{"line":25,"column":0},"end":{"line":25,"column":23}},"25":{"start":{"line":26,"column":0},"end":{"line":26,"column":25}},"26":{"start":{"line":27,"column":0},"end":{"line":27,"column":2}},"27":{"start":{"line":28,"column":0},"end":{"line":28,"column":0}},"28":{"start":{"line":29,"column":0},"end":{"line":29,"column":68}},"29":{"start":{"line":30,"column":0},"end":{"line":30,"column":0}},"30":{"start":{"line":31,"column":0},"end":{"line":31,"column":47}},"31":{"start":{"line":32,"column":0},"end":{"line":32,"column":18}},"32":{"start":{"line":33,"column":0},"end":{"line":33,"column":55}},"33":{"start":{"line":34,"column":0},"end":{"line":34,"column":66}},"34":{"start":{"line":35,"column":0},"end":{"line":35,"column":0}},"35":{"start":{"line":36,"column":0},"end":{"line":36,"column":47}},"36":{"start":{"line":37,"column":0},"end":{"line":37,"column":60}},"37":{"start":{"line":38,"column":0},"end":{"line":38,"column":0}},"38":{"start":{"line":39,"column":0},"end":{"line":39,"column":21}},"39":{"start":{"line":40,"column":0},"end":{"line":40,"column":3}},"40":{"start":{"line":41,"column":0},"end":{"line":41,"column":2}},"41":{"start":{"line":42,"column":0},"end":{"line":42,"column":0}},"42":{"start":{"line":43,"column":0},"end":{"line":43,"column":42}},"43":{"start":{"line":44,"column":0},"end":{"line":44,"column":15}},"44":{"start":{"line":45,"column":0},"end":{"line":45,"column":63}},"45":{"start":{"line":46,"column":0},"end":{"line":46,"column":57}},"46":{"start":{"line":47,"column":0},"end":{"line":47,"column":0}},"47":{"start":{"line":48,"column":0},"end":{"line":48,"column":47}},"48":{"start":{"line":49,"column":0},"end":{"line":49,"column":60}},"49":{"start":{"line":50,"column":0},"end":{"line":50,"column":0}},"50":{"start":{"line":51,"column":0},"end":{"line":51,"column":21}},"51":{"start":{"line":52,"column":0},"end":{"line":52,"column":3}},"52":{"start":{"line":53,"column":0},"end":{"line":53,"column":2}},"53":{"start":{"line":54,"column":0},"end":{"line":54,"column":0}},"54":{"start":{"line":55,"column":0},"end":{"line":55,"column":43}},"55":{"start":{"line":56,"column":0},"end":{"line":56,"column":16}},"56":{"start":{"line":57,"column":0},"end":{"line":57,"column":37}},"57":{"start":{"line":58,"column":0},"end":{"line":58,"column":9}},"58":{"start":{"line":59,"column":0},"end":{"line":59,"column":24}},"59":{"start":{"line":60,"column":0},"end":{"line":60,"column":34}},"60":{"start":{"line":61,"column":0},"end":{"line":61,"column":27}},"61":{"start":{"line":62,"column":0},"end":{"line":62,"column":21}},"62":{"start":{"line":63,"column":0},"end":{"line":63,"column":36}},"63":{"start":{"line":64,"column":0},"end":{"line":64,"column":5}},"64":{"start":{"line":65,"column":0},"end":{"line":65,"column":3}},"65":{"start":{"line":66,"column":0},"end":{"line":66,"column":2}},"66":{"start":{"line":67,"column":0},"end":{"line":67,"column":0}},"67":{"start":{"line":68,"column":0},"end":{"line":68,"column":73}},"68":{"start":{"line":69,"column":0},"end":{"line":69,"column":0}},"69":{"start":{"line":70,"column":0},"end":{"line":70,"column":38}},"70":{"start":{"line":71,"column":0},"end":{"line":71,"column":15}},"71":{"start":{"line":72,"column":0},"end":{"line":72,"column":15}},"72":{"start":{"line":73,"column":0},"end":{"line":73,"column":13}},"73":{"start":{"line":74,"column":0},"end":{"line":74,"column":30}},"74":{"start":{"line":75,"column":0},"end":{"line":75,"column":29}},"75":{"start":{"line":76,"column":0},"end":{"line":76,"column":5}},"76":{"start":{"line":77,"column":0},"end":{"line":77,"column":4}},"77":{"start":{"line":78,"column":0},"end":{"line":78,"column":31}},"78":{"start":{"line":79,"column":0},"end":{"line":79,"column":11}},"79":{"start":{"line":80,"column":0},"end":{"line":80,"column":44}},"80":{"start":{"line":81,"column":0},"end":{"line":81,"column":38}},"81":{"start":{"line":82,"column":0},"end":{"line":82,"column":36}},"82":{"start":{"line":83,"column":0},"end":{"line":83,"column":26}},"83":{"start":{"line":84,"column":0},"end":{"line":84,"column":38}},"84":{"start":{"line":85,"column":0},"end":{"line":85,"column":8}},"85":{"start":{"line":86,"column":0},"end":{"line":86,"column":54}},"86":{"start":{"line":87,"column":0},"end":{"line":87,"column":37}},"87":{"start":{"line":88,"column":0},"end":{"line":88,"column":41}},"88":{"start":{"line":89,"column":0},"end":{"line":89,"column":31}},"89":{"start":{"line":90,"column":0},"end":{"line":90,"column":39}},"90":{"start":{"line":91,"column":0},"end":{"line":91,"column":8}},"91":{"start":{"line":92,"column":0},"end":{"line":92,"column":53}},"92":{"start":{"line":93,"column":0},"end":{"line":93,"column":30}},"93":{"start":{"line":94,"column":0},"end":{"line":94,"column":62}},"94":{"start":{"line":95,"column":0},"end":{"line":95,"column":38}},"95":{"start":{"line":96,"column":0},"end":{"line":96,"column":26}},"96":{"start":{"line":97,"column":0},"end":{"line":97,"column":31}},"97":{"start":{"line":98,"column":0},"end":{"line":98,"column":39}},"98":{"start":{"line":99,"column":0},"end":{"line":99,"column":8}},"99":{"start":{"line":100,"column":0},"end":{"line":100,"column":51}},"100":{"start":{"line":101,"column":0},"end":{"line":101,"column":38}},"101":{"start":{"line":102,"column":0},"end":{"line":102,"column":26}},"102":{"start":{"line":103,"column":0},"end":{"line":103,"column":38}},"103":{"start":{"line":104,"column":0},"end":{"line":104,"column":8}},"104":{"start":{"line":105,"column":0},"end":{"line":105,"column":61}},"105":{"start":{"line":106,"column":0},"end":{"line":106,"column":37}},"106":{"start":{"line":107,"column":0},"end":{"line":107,"column":36}},"107":{"start":{"line":108,"column":0},"end":{"line":108,"column":39}},"108":{"start":{"line":109,"column":0},"end":{"line":109,"column":8}},"109":{"start":{"line":110,"column":0},"end":{"line":110,"column":60}},"110":{"start":{"line":111,"column":0},"end":{"line":111,"column":38}},"111":{"start":{"line":112,"column":0},"end":{"line":112,"column":30}},"112":{"start":{"line":113,"column":0},"end":{"line":113,"column":66}},"113":{"start":{"line":114,"column":0},"end":{"line":114,"column":39}},"114":{"start":{"line":115,"column":0},"end":{"line":115,"column":8}},"115":{"start":{"line":116,"column":0},"end":{"line":116,"column":46}},"116":{"start":{"line":117,"column":0},"end":{"line":117,"column":36}},"117":{"start":{"line":118,"column":0},"end":{"line":118,"column":38}},"118":{"start":{"line":119,"column":0},"end":{"line":119,"column":8}},"119":{"start":{"line":120,"column":0},"end":{"line":120,"column":56}},"120":{"start":{"line":121,"column":0},"end":{"line":121,"column":37}},"121":{"start":{"line":122,"column":0},"end":{"line":122,"column":36}},"122":{"start":{"line":123,"column":0},"end":{"line":123,"column":39}},"123":{"start":{"line":124,"column":0},"end":{"line":124,"column":31}},"124":{"start":{"line":125,"column":0},"end":{"line":125,"column":8}},"125":{"start":{"line":126,"column":0},"end":{"line":126,"column":55}},"126":{"start":{"line":127,"column":0},"end":{"line":127,"column":39}},"127":{"start":{"line":128,"column":0},"end":{"line":128,"column":30}},"128":{"start":{"line":129,"column":0},"end":{"line":129,"column":64}},"129":{"start":{"line":130,"column":0},"end":{"line":130,"column":31}},"130":{"start":{"line":131,"column":0},"end":{"line":131,"column":8}},"131":{"start":{"line":132,"column":0},"end":{"line":132,"column":47}},"132":{"start":{"line":133,"column":0},"end":{"line":133,"column":37}},"133":{"start":{"line":134,"column":0},"end":{"line":134,"column":38}},"134":{"start":{"line":135,"column":0},"end":{"line":135,"column":8}},"135":{"start":{"line":136,"column":0},"end":{"line":136,"column":57}},"136":{"start":{"line":137,"column":0},"end":{"line":137,"column":38}},"137":{"start":{"line":138,"column":0},"end":{"line":138,"column":39}},"138":{"start":{"line":139,"column":0},"end":{"line":139,"column":26}},"139":{"start":{"line":140,"column":0},"end":{"line":140,"column":36}},"140":{"start":{"line":141,"column":0},"end":{"line":141,"column":48}},"141":{"start":{"line":142,"column":0},"end":{"line":142,"column":8}},"142":{"start":{"line":143,"column":0},"end":{"line":143,"column":56}},"143":{"start":{"line":144,"column":0},"end":{"line":144,"column":38}},"144":{"start":{"line":145,"column":0},"end":{"line":145,"column":39}},"145":{"start":{"line":146,"column":0},"end":{"line":146,"column":30}},"146":{"start":{"line":147,"column":0},"end":{"line":147,"column":65}},"147":{"start":{"line":148,"column":0},"end":{"line":148,"column":8}},"148":{"start":{"line":149,"column":0},"end":{"line":149,"column":47}},"149":{"start":{"line":150,"column":0},"end":{"line":150,"column":37}},"150":{"start":{"line":151,"column":0},"end":{"line":151,"column":38}},"151":{"start":{"line":152,"column":0},"end":{"line":152,"column":8}},"152":{"start":{"line":153,"column":0},"end":{"line":153,"column":57}},"153":{"start":{"line":154,"column":0},"end":{"line":154,"column":37}},"154":{"start":{"line":155,"column":0},"end":{"line":155,"column":41}},"155":{"start":{"line":156,"column":0},"end":{"line":156,"column":39}},"156":{"start":{"line":157,"column":0},"end":{"line":157,"column":8}},"157":{"start":{"line":158,"column":0},"end":{"line":158,"column":56}},"158":{"start":{"line":159,"column":0},"end":{"line":159,"column":30}},"159":{"start":{"line":160,"column":0},"end":{"line":160,"column":64}},"160":{"start":{"line":161,"column":0},"end":{"line":161,"column":39}},"161":{"start":{"line":162,"column":0},"end":{"line":162,"column":9}},"162":{"start":{"line":163,"column":0},"end":{"line":163,"column":4}},"163":{"start":{"line":164,"column":0},"end":{"line":164,"column":14}},"164":{"start":{"line":165,"column":0},"end":{"line":165,"column":38}},"165":{"start":{"line":166,"column":0},"end":{"line":166,"column":60}},"166":{"start":{"line":167,"column":0},"end":{"line":167,"column":58}},"167":{"start":{"line":168,"column":0},"end":{"line":168,"column":48}},"168":{"start":{"line":169,"column":0},"end":{"line":169,"column":61}},"169":{"start":{"line":170,"column":0},"end":{"line":170,"column":3}},"170":{"start":{"line":171,"column":0},"end":{"line":171,"column":3}},"171":{"start":{"line":172,"column":0},"end":{"line":172,"column":0}},"172":{"start":{"line":173,"column":0},"end":{"line":173,"column":46}},"173":{"start":{"line":174,"column":0},"end":{"line":174,"column":19}},"174":{"start":{"line":175,"column":0},"end":{"line":175,"column":24}},"175":{"start":{"line":176,"column":0},"end":{"line":176,"column":35}},"176":{"start":{"line":177,"column":0},"end":{"line":177,"column":41}},"177":{"start":{"line":178,"column":0},"end":{"line":178,"column":33}},"178":{"start":{"line":179,"column":0},"end":{"line":179,"column":9}},"179":{"start":{"line":180,"column":0},"end":{"line":180,"column":12}},"180":{"start":{"line":181,"column":0},"end":{"line":181,"column":31}},"181":{"start":{"line":182,"column":0},"end":{"line":182,"column":5}},"182":{"start":{"line":183,"column":0},"end":{"line":183,"column":3}},"183":{"start":{"line":184,"column":0},"end":{"line":184,"column":2}},"184":{"start":{"line":185,"column":0},"end":{"line":185,"column":0}},"185":{"start":{"line":186,"column":0},"end":{"line":186,"column":50}},"186":{"start":{"line":187,"column":0},"end":{"line":187,"column":25}},"187":{"start":{"line":188,"column":0},"end":{"line":188,"column":0}},"188":{"start":{"line":189,"column":0},"end":{"line":189,"column":14}},"189":{"start":{"line":190,"column":0},"end":{"line":190,"column":13}},"190":{"start":{"line":191,"column":0},"end":{"line":191,"column":24}},"191":{"start":{"line":192,"column":0},"end":{"line":192,"column":23}},"192":{"start":{"line":193,"column":0},"end":{"line":193,"column":18}},"193":{"start":{"line":194,"column":0},"end":{"line":194,"column":24}},"194":{"start":{"line":195,"column":0},"end":{"line":195,"column":24}}},"s":{"0":1,"1":1,"2":1,"3":1,"4":1,"5":1,"6":1,"7":1,"8":1,"9":1,"10":1,"11":1,"12":1,"13":1,"14":1,"15":1,"16":1,"17":1,"18":1,"19":1,"20":1,"21":1,"22":1,"23":1,"24":1,"25":1,"26":1,"27":1,"28":1,"29":1,"30":1,"31":1,"32":1,"33":0,"34":0,"35":0,"36":0,"37":0,"38":0,"39":0,"40":1,"41":1,"42":1,"43":1,"44":1,"45":0,"46":0,"47":0,"48":0,"49":0,"50":0,"51":0,"52":1,"53":1,"54":1,"55":1,"56":1,"57":0,"58":0,"59":0,"60":0,"61":0,"62":0,"63":0,"64":0,"65":1,"66":1,"67":1,"68":1,"69":1,"70":1,"71":1,"72":1,"73":1,"74":1,"75":1,"76":1,"77":1,"78":2,"79":2,"80":0,"81":0,"82":0,"83":0,"84":2,"85":2,"86":0,"87":0,"88":0,"89":0,"90":2,"91":2,"92":0,"93":0,"94":0,"95":0,"96":0,"97":0,"98":2,"99":2,"100":1,"101":1,"102":1,"103":2,"104":2,"105":1,"106":1,"107":1,"108":2,"109":2,"110":1,"111":1,"112":1,"113":1,"114":2,"115":2,"116":1,"117":1,"118":2,"119":2,"120":1,"121":1,"122":1,"123":1,"124":2,"125":2,"126":1,"127":1,"128":1,"129":1,"130":2,"131":2,"132":1,"133":1,"134":2,"135":2,"136":1,"137":1,"138":1,"139":1,"140":1,"141":2,"142":2,"143":1,"144":1,"145":1,"146":1,"147":2,"148":2,"149":1,"150":1,"151":2,"152":2,"153":1,"154":1,"155":1,"156":2,"157":2,"158":1,"159":1,"160":1,"161":2,"162":1,"163":1,"164":1,"165":1,"166":1,"167":1,"168":1,"169":1,"170":1,"171":1,"172":1,"173":1,"174":1,"175":0,"176":0,"177":0,"178":0,"179":0,"180":0,"181":0,"182":0,"183":1,"184":1,"185":1,"186":1,"187":1,"188":1,"189":1,"190":1,"191":1,"192":1,"193":1,"194":1},"branchMap":{"0":{"type":"branch","line":74,"loc":{"start":{"line":74,"column":18},"end":{"line":76,"column":5}},"locations":[{"start":{"line":74,"column":18},"end":{"line":76,"column":5}}]},"1":{"type":"branch","line":78,"loc":{"start":{"line":78,"column":17},"end":{"line":163,"column":3}},"locations":[{"start":{"line":78,"column":17},"end":{"line":163,"column":3}}]},"2":{"type":"branch","line":100,"loc":{"start":{"line":100,"column":39},"end":{"line":104,"column":7}},"locations":[{"start":{"line":100,"column":39},"end":{"line":104,"column":7}}]},"3":{"type":"branch","line":105,"loc":{"start":{"line":105,"column":41},"end":{"line":109,"column":7}},"locations":[{"start":{"line":105,"column":41},"end":{"line":109,"column":7}}]},"4":{"type":"branch","line":110,"loc":{"start":{"line":110,"column":40},"end":{"line":115,"column":7}},"locations":[{"start":{"line":110,"column":40},"end":{"line":115,"column":7}}]},"5":{"type":"branch","line":113,"loc":{"start":{"line":113,"column":30},"end":{"line":113,"column":65}},"locations":[{"start":{"line":113,"column":30},"end":{"line":113,"column":65}}]},"6":{"type":"branch","line":116,"loc":{"start":{"line":116,"column":34},"end":{"line":119,"column":7}},"locations":[{"start":{"line":116,"column":34},"end":{"line":119,"column":7}}]},"7":{"type":"branch","line":120,"loc":{"start":{"line":120,"column":36},"end":{"line":125,"column":7}},"locations":[{"start":{"line":120,"column":36},"end":{"line":125,"column":7}}]},"8":{"type":"branch","line":126,"loc":{"start":{"line":126,"column":35},"end":{"line":131,"column":7}},"locations":[{"start":{"line":126,"column":35},"end":{"line":131,"column":7}}]},"9":{"type":"branch","line":129,"loc":{"start":{"line":129,"column":30},"end":{"line":129,"column":63}},"locations":[{"start":{"line":129,"column":30},"end":{"line":129,"column":63}}]},"10":{"type":"branch","line":132,"loc":{"start":{"line":132,"column":35},"end":{"line":135,"column":7}},"locations":[{"start":{"line":132,"column":35},"end":{"line":135,"column":7}}]},"11":{"type":"branch","line":136,"loc":{"start":{"line":136,"column":37},"end":{"line":142,"column":7}},"locations":[{"start":{"line":136,"column":37},"end":{"line":142,"column":7}}]},"12":{"type":"branch","line":143,"loc":{"start":{"line":143,"column":36},"end":{"line":148,"column":7}},"locations":[{"start":{"line":143,"column":36},"end":{"line":148,"column":7}}]},"13":{"type":"branch","line":147,"loc":{"start":{"line":147,"column":30},"end":{"line":147,"column":64}},"locations":[{"start":{"line":147,"column":30},"end":{"line":147,"column":64}}]},"14":{"type":"branch","line":149,"loc":{"start":{"line":149,"column":35},"end":{"line":152,"column":7}},"locations":[{"start":{"line":149,"column":35},"end":{"line":152,"column":7}}]},"15":{"type":"branch","line":153,"loc":{"start":{"line":153,"column":37},"end":{"line":157,"column":7}},"locations":[{"start":{"line":153,"column":37},"end":{"line":157,"column":7}}]},"16":{"type":"branch","line":158,"loc":{"start":{"line":158,"column":36},"end":{"line":162,"column":7}},"locations":[{"start":{"line":158,"column":36},"end":{"line":162,"column":7}}]},"17":{"type":"branch","line":160,"loc":{"start":{"line":160,"column":30},"end":{"line":160,"column":63}},"locations":[{"start":{"line":160,"column":30},"end":{"line":160,"column":63}}]}},"b":{"0":[1],"1":[2],"2":[1],"3":[1],"4":[1],"5":[0],"6":[1],"7":[1],"8":[1],"9":[0],"10":[1],"11":[1],"12":[1],"13":[0],"14":[1],"15":[1],"16":[1],"17":[0]},"fnMap":{"0":{"name":"setUserCheck","decl":{"start":{"line":74,"column":18},"end":{"line":76,"column":5}},"loc":{"start":{"line":74,"column":18},"end":{"line":76,"column":5}},"line":74},"1":{"name":"extraReducers","decl":{"start":{"line":78,"column":17},"end":{"line":163,"column":3}},"loc":{"start":{"line":78,"column":17},"end":{"line":163,"column":3}},"line":78},"2":{"name":"selectUser","decl":{"start":{"line":165,"column":16},"end":{"line":165,"column":32}},"loc":{"start":{"line":165,"column":16},"end":{"line":165,"column":32}},"line":165},"3":{"name":"selectIsAuthenticated","decl":{"start":{"line":166,"column":27},"end":{"line":166,"column":43}},"loc":{"start":{"line":166,"column":27},"end":{"line":166,"column":43}},"line":166},"4":{"name":"selectLoginUserError","decl":{"start":{"line":167,"column":26},"end":{"line":167,"column":42}},"loc":{"start":{"line":167,"column":26},"end":{"line":167,"column":42}},"line":167},"5":{"name":"selectUserCheck","decl":{"start":{"line":168,"column":21},"end":{"line":168,"column":37}},"loc":{"start":{"line":168,"column":21},"end":{"line":168,"column":37}},"line":168},"6":{"name":"selectLoginUserRequest","decl":{"start":{"line":169,"column":28},"end":{"line":169,"column":44}},"loc":{"start":{"line":169,"column":28},"end":{"line":169,"column":44}},"line":169}},"f":{"0":1,"1":2,"2":0,"3":0,"4":0,"5":0,"6":0}}
}
