TN:
SF:src\services\store.ts
FN:33,useDispatch
FNF:1
FNH:0
FNDA:0,useDispatch
DA:1,1
DA:2,1
DA:3,1
DA:4,1
DA:5,1
DA:6,1
DA:7,1
DA:8,1
DA:9,1
DA:10,1
DA:11,1
DA:12,1
DA:13,1
DA:14,1
DA:15,1
DA:16,1
DA:17,1
DA:18,1
DA:19,1
DA:20,1
DA:21,1
DA:22,1
DA:23,1
DA:24,1
DA:25,1
DA:26,1
DA:27,1
DA:28,1
DA:29,1
DA:30,1
DA:31,1
DA:32,1
DA:33,1
DA:34,1
DA:35,1
DA:36,1
LF:36
LH:36
BRF:0
BRH:0
end_of_record
TN:
SF:src\services\slices\BurgerConstructorSlice.ts
FN:44,reducer
FN:51,prepare
FN:56,removeIngredient
FN:65,moveUpIngredient
FN:75,moveDownIngredient
FN:85,clearOrder
FN:87,extraReducers
FN:106,getConstructorItems
FN:107,getOrderRequest
FN:108,getOrderModalData
FN:109,getLoading
FN:110,getError
FNF:12
FNH:7
FNDA:2,reducer
FNDA:2,prepare
FNDA:1,removeIngredient
FNDA:1,moveUpIngredient
FNDA:1,moveDownIngredient
FNDA:1,clearOrder
FNDA:2,extraReducers
FNDA:0,getConstructorItems
FNDA:0,getOrderRequest
FNDA:0,getOrderModalData
FNDA:0,getLoading
FNDA:0,getError
DA:1,1
DA:2,1
DA:3,1
DA:4,1
DA:5,1
DA:6,1
DA:7,1
DA:8,1
DA:9,1
DA:10,1
DA:11,1
DA:12,1
DA:13,1
DA:14,1
DA:15,1
DA:16,1
DA:17,1
DA:18,1
DA:19,1
DA:20,1
DA:21,1
DA:22,1
DA:23,1
DA:24,1
DA:25,1
DA:26,1
DA:27,1
DA:28,1
DA:29,1
DA:30,1
DA:31,1
DA:32,1
DA:33,1
DA:34,1
DA:35,0
DA:36,0
DA:37,0
DA:38,1
DA:39,1
DA:40,1
DA:41,1
DA:42,1
DA:43,1
DA:44,1
DA:45,2
DA:46,1
DA:47,1
DA:48,1
DA:49,1
DA:50,1
DA:51,1
DA:52,2
DA:53,2
DA:54,2
DA:55,1
DA:56,1
DA:57,1
DA:58,1
DA:59,1
DA:60,1
DA:61,1
DA:62,1
DA:63,1
DA:64,1
DA:65,1
DA:66,1
DA:67,1
DA:68,1
DA:69,1
DA:70,1
DA:71,1
DA:72,1
DA:73,1
DA:74,1
DA:75,1
DA:76,1
DA:77,1
DA:78,1
DA:79,1
DA:80,1
DA:81,1
DA:82,1
DA:83,1
DA:84,1
DA:85,1
DA:86,1
DA:87,1
DA:88,2
DA:89,2
DA:90,0
DA:91,0
DA:92,2
DA:93,2
DA:94,0
DA:95,0
DA:96,2
DA:97,2
DA:98,0
DA:99,0
DA:100,0
DA:101,0
DA:102,0
DA:103,2
DA:104,1
DA:105,1
DA:106,1
DA:107,1
DA:108,1
DA:109,1
DA:110,1
DA:111,1
DA:112,1
DA:113,1
DA:114,1
DA:115,1
DA:116,1
DA:117,1
DA:118,1
DA:119,1
DA:120,1
DA:121,1
DA:122,1
DA:123,1
DA:124,1
DA:125,1
DA:126,1
DA:127,1
DA:128,1
DA:129,1
LF:129
LH:117
BRDA:44,0,0,2
BRDA:45,1,0,1
BRDA:51,2,0,2
BRDA:56,3,0,1
BRDA:62,4,0,2
BRDA:65,5,0,1
BRDA:75,6,0,1
BRDA:85,7,0,1
BRDA:87,8,0,2
BRF:9
BRH:9
end_of_record
TN:
SF:src\services\slices\FeedDataSlice.ts
FN:41,extraReducers
FN:71,getFeedOrders
FN:72,getTotalAmountOrders
FN:73,getTotalAmountToday
FN:74,getLoading
FN:75,getError
FN:76,selectModalOrder
FNF:7
FNH:1
FNDA:2,extraReducers
FNDA:0,getFeedOrders
FNDA:0,getTotalAmountOrders
FNDA:0,getTotalAmountToday
FNDA:0,getLoading
FNDA:0,getError
FNDA:0,selectModalOrder
DA:1,1
DA:2,1
DA:3,1
DA:4,1
DA:5,1
DA:6,1
DA:7,1
DA:8,1
DA:9,1
DA:10,1
DA:11,1
DA:12,1
DA:13,1
DA:14,1
DA:15,1
DA:16,1
DA:17,1
DA:18,1
DA:19,1
DA:20,1
DA:21,1
DA:22,1
DA:23,1
DA:24,1
DA:25,1
DA:26,1
DA:27,1
DA:28,0
DA:29,0
DA:30,0
DA:31,0
DA:32,0
DA:33,0
DA:34,0
DA:35,1
DA:36,1
DA:37,1
DA:38,1
DA:39,1
DA:40,1
DA:41,1
DA:42,2
DA:43,2
DA:44,1
DA:45,1
DA:46,2
DA:47,2
DA:48,1
DA:49,1
DA:50,1
DA:51,1
DA:52,2
DA:53,2
DA:54,1
DA:55,1
DA:56,2
DA:57,2
DA:58,1
DA:59,1
DA:60,2
DA:61,2
DA:62,1
DA:63,1
DA:64,2
DA:65,2
DA:66,1
DA:67,1
DA:68,2
DA:69,1
DA:70,1
DA:71,1
DA:72,1
DA:73,1
DA:74,1
DA:75,1
DA:76,1
DA:77,1
DA:78,1
DA:79,1
DA:80,1
DA:81,1
DA:82,1
DA:83,1
DA:84,1
DA:85,1
DA:86,1
DA:87,1
DA:88,1
LF:88
LH:81
BRDA:41,0,0,2
BRDA:43,1,0,1
BRDA:47,2,0,1
BRDA:53,3,0,1
BRDA:55,4,0,0
BRDA:57,5,0,1
BRDA:61,6,0,1
BRDA:65,7,0,1
BRDA:67,8,0,0
BRF:9
BRH:7
end_of_record
TN:
SF:src\services\slices\IngredientsSlice.ts
FN:30,getIngredientsSelector
FN:31,getLoadingStatus
FN:33,extraReducers
FNF:3
FNH:1
FNDA:0,getIngredientsSelector
FNDA:0,getLoadingStatus
FNDA:2,extraReducers
DA:1,1
DA:2,1
DA:3,1
DA:4,1
DA:5,1
DA:6,1
DA:7,1
DA:8,1
DA:9,1
DA:10,1
DA:11,1
DA:12,1
DA:13,1
DA:14,1
DA:15,1
DA:16,1
DA:17,1
DA:18,1
DA:19,1
DA:20,0
DA:21,0
DA:22,0
DA:23,1
DA:24,1
DA:25,1
DA:26,1
DA:27,1
DA:28,1
DA:29,1
DA:30,1
DA:31,1
DA:32,1
DA:33,1
DA:34,2
DA:35,2
DA:36,1
DA:37,1
DA:38,2
DA:39,2
DA:40,1
DA:41,1
DA:42,2
DA:43,2
DA:44,1
DA:45,1
DA:46,2
DA:47,2
DA:48,1
DA:49,1
DA:50,1
DA:51,1
DA:52,1
DA:53,1
LF:53
LH:50
BRDA:33,0,0,2
BRDA:35,1,0,1
BRDA:39,2,0,1
BRDA:43,3,0,1
BRF:4
BRH:4
end_of_record
TN:
SF:src\services\slices\UserOrdersHistory.ts
FN:26,extraReducers
FN:43,getUserOrdersHistory
FN:44,getUserOrdersHistoryError
FN:45,getUserOrdersLoading
FNF:4
FNH:1
FNDA:2,extraReducers
FNDA:0,getUserOrdersHistory
FNDA:0,getUserOrdersHistoryError
FNDA:0,getUserOrdersLoading
DA:1,1
DA:2,1
DA:3,1
DA:4,1
DA:5,1
DA:6,1
DA:7,1
DA:8,1
DA:9,1
DA:10,1
DA:11,1
DA:12,1
DA:13,1
DA:14,1
DA:15,1
DA:16,1
DA:17,1
DA:18,1
DA:19,1
DA:20,1
DA:21,1
DA:22,1
DA:23,1
DA:24,1
DA:25,1
DA:26,1
DA:27,2
DA:28,2
DA:29,1
DA:30,1
DA:31,2
DA:32,2
DA:33,1
DA:34,1
DA:35,1
DA:36,2
DA:37,2
DA:38,1
DA:39,1
DA:40,2
DA:41,1
DA:42,1
DA:43,1
DA:44,1
DA:45,1
DA:46,1
DA:47,1
DA:48,1
DA:49,1
DA:50,1
DA:51,1
DA:52,1
DA:53,1
DA:54,1
DA:55,1
LF:55
LH:55
BRDA:26,0,0,2
BRDA:28,1,0,1
BRDA:32,2,0,1
BRDA:37,3,0,1
BRDA:38,4,0,0
BRF:5
BRH:4
end_of_record
TN:
SF:src\services\slices\UserSlice.ts
FN:74,setUserCheck
FN:78,extraReducers
FN:165,selectUser
FN:166,selectIsAuthenticated
FN:167,selectLoginUserError
FN:168,selectUserCheck
FN:169,selectLoginUserRequest
FNF:7
FNH:2
FNDA:1,setUserCheck
FNDA:2,extraReducers
FNDA:0,selectUser
FNDA:0,selectIsAuthenticated
FNDA:0,selectLoginUserError
FNDA:0,selectUserCheck
FNDA:0,selectLoginUserRequest
DA:1,1
DA:2,1
DA:3,1
DA:4,1
DA:5,1
DA:6,1
DA:7,1
DA:8,1
DA:9,1
DA:10,1
DA:11,1
DA:12,1
DA:13,1
DA:14,1
DA:15,1
DA:16,1
DA:17,1
DA:18,1
DA:19,1
DA:20,1
DA:21,1
DA:22,1
DA:23,1
DA:24,1
DA:25,1
DA:26,1
DA:27,1
DA:28,1
DA:29,1
DA:30,1
DA:31,1
DA:32,1
DA:33,1
DA:34,0
DA:35,0
DA:36,0
DA:37,0
DA:38,0
DA:39,0
DA:40,0
DA:41,1
DA:42,1
DA:43,1
DA:44,1
DA:45,1
DA:46,0
DA:47,0
DA:48,0
DA:49,0
DA:50,0
DA:51,0
DA:52,0
DA:53,1
DA:54,1
DA:55,1
DA:56,1
DA:57,1
DA:58,0
DA:59,0
DA:60,0
DA:61,0
DA:62,0
DA:63,0
DA:64,0
DA:65,0
DA:66,1
DA:67,1
DA:68,1
DA:69,1
DA:70,1
DA:71,1
DA:72,1
DA:73,1
DA:74,1
DA:75,1
DA:76,1
DA:77,1
DA:78,1
DA:79,2
DA:80,2
DA:81,0
DA:82,0
DA:83,0
DA:84,0
DA:85,2
DA:86,2
DA:87,0
DA:88,0
DA:89,0
DA:90,0
DA:91,2
DA:92,2
DA:93,0
DA:94,0
DA:95,0
DA:96,0
DA:97,0
DA:98,0
DA:99,2
DA:100,2
DA:101,1
DA:102,1
DA:103,1
DA:104,2
DA:105,2
DA:106,1
DA:107,1
DA:108,1
DA:109,2
DA:110,2
DA:111,1
DA:112,1
DA:113,1
DA:114,1
DA:115,2
DA:116,2
DA:117,1
DA:118,1
DA:119,2
DA:120,2
DA:121,1
DA:122,1
DA:123,1
DA:124,1
DA:125,2
DA:126,2
DA:127,1
DA:128,1
DA:129,1
DA:130,1
DA:131,2
DA:132,2
DA:133,1
DA:134,1
DA:135,2
DA:136,2
DA:137,1
DA:138,1
DA:139,1
DA:140,1
DA:141,1
DA:142,2
DA:143,2
DA:144,1
DA:145,1
DA:146,1
DA:147,1
DA:148,2
DA:149,2
DA:150,1
DA:151,1
DA:152,2
DA:153,2
DA:154,1
DA:155,1
DA:156,1
DA:157,2
DA:158,2
DA:159,1
DA:160,1
DA:161,1
DA:162,2
DA:163,1
DA:164,1
DA:165,1
DA:166,1
DA:167,1
DA:168,1
DA:169,1
DA:170,1
DA:171,1
DA:172,1
DA:173,1
DA:174,1
DA:175,1
DA:176,0
DA:177,0
DA:178,0
DA:179,0
DA:180,0
DA:181,0
DA:182,0
DA:183,0
DA:184,1
DA:185,1
DA:186,1
DA:187,1
DA:188,1
DA:189,1
DA:190,1
DA:191,1
DA:192,1
DA:193,1
DA:194,1
DA:195,1
LF:195
LH:151
BRDA:74,0,0,1
BRDA:78,1,0,2
BRDA:100,2,0,1
BRDA:105,3,0,1
BRDA:110,4,0,1
BRDA:113,5,0,0
BRDA:116,6,0,1
BRDA:120,7,0,1
BRDA:126,8,0,1
BRDA:129,9,0,0
BRDA:132,10,0,1
BRDA:136,11,0,1
BRDA:143,12,0,1
BRDA:147,13,0,0
BRDA:149,14,0,1
BRDA:153,15,0,1
BRDA:158,16,0,1
BRDA:160,17,0,0
BRF:18
BRH:14
end_of_record
